<?xml version="1.0" encoding="UTF-8"?>
<testng-results skipped="0" failed="0" ignored="0" total="1" passed="1">
  <reporter-output>
  </reporter-output>
  <suite name="Default suite" duration-ms="49978" started-at="2020-07-18T15:11:13Z" finished-at="2020-07-18T15:12:03Z">
    <groups>
    </groups>
    <test name="Default test" duration-ms="49978" started-at="2020-07-18T15:11:13Z" finished-at="2020-07-18T15:12:03Z">
      <class name="pdfReader.PdfReaderTest">
        <test-method status="PASS" signature="read()[pri:0, instance:pdfReader.PdfReaderTest@18be83e4]" name="read" duration-ms="49947" started-at="2020-07-18T20:41:13Z" finished-at="2020-07-18T20:42:03Z">
          <reporter-output>
          </reporter-output>
        </test-method> <!-- read -->
      </class> <!-- pdfReader.PdfReaderTest -->
    </test> <!-- Default test -->
  </suite> <!-- Default suite -->
</testng-results>
